<?xml version="1.0" encoding="UTF-8"?>
<!-- Generated by org.testng.reporters.JUnitReportReporter -->
<testsuite hostname="DESKTOP-34CJV9O" failures="0" tests="5" name="Projects.VPB_Test" time="19.302" errors="0" timestamp="2024-05-16T22:56:11 IST" skipped="0">
  <testcase classname="Projects.VPB_Test" name="Access_Projects" time="2.641"/>
  <testcase classname="Projects.VPB_Test" name="HomeIcon" time="2.692"/>
  <testcase classname="Projects.VPB_Test" name="VaibhavPalaceBankhedi" time="6.723"/>
  <testcase classname="Projects.VPB_Test" name="VPB" time="3.688"/>
  <testcase classname="Projects.VPB_Test" name="RajTensileLogo" time="3.558"/>
</testsuite> <!-- Projects.VPB_Test -->
