<?xml version="1.0" encoding="UTF-8"?>
<!-- Generated by org.testng.reporters.JUnitReportReporter -->
<testsuite hostname="DESKTOP-34CJV9O" failures="0" tests="17" name="Services.SwimmingPoolTensileCovering_Test" time="14.310" errors="0" timestamp="2024-05-12T18:29:41 IST" skipped="1">
  <testcase classname="Services.SwimmingPoolTensileCovering_Test" name="Access_SPTC" time="3.444"/>
  <testcase classname="Services.SwimmingPoolTensileCovering_Test" name="PreviousAndNext" time="4.519"/>
  <testcase classname="Services.SwimmingPoolTensileCovering_Test" name="DesignAndCreativity" time="0.155"/>
  <testcase classname="Services.SwimmingPoolTensileCovering_Test" name="EngineeringInnovation" time="0.136"/>
  <testcase classname="Services.SwimmingPoolTensileCovering_Test" name="FabricationQuality" time="0.120"/>
  <testcase classname="Services.SwimmingPoolTensileCovering_Test" name="ConstructionService" time="2.181"/>
  <testcase classname="Services.SwimmingPoolTensileCovering_Test" name="FlexibleDesignAsthetics" time="0.321"/>
  <testcase classname="Services.SwimmingPoolTensileCovering_Test" name="ExcellentDurability" time="0.180"/>
  <testcase classname="Services.SwimmingPoolTensileCovering_Test" name="PriviousButton" time="0.146"/>
  <testcase classname="Services.SwimmingPoolTensileCovering_Test" name="LowMaintenance" time="0.195"/>
  <testcase classname="Services.SwimmingPoolTensileCovering_Test" name="OutstandingTranslucency" time="0.146"/>
  <testcase classname="Services.SwimmingPoolTensileCovering_Test" name="NextButton" time="0.047"/>
  <testcase classname="Services.SwimmingPoolTensileCovering_Test" name="LightweightNature" time="0.172"/>
  <testcase classname="Services.SwimmingPoolTensileCovering_Test" name="NextButton2" time="0.018"/>
  <testcase classname="Services.SwimmingPoolTensileCovering_Test" name="CostBenefits" time="0.102"/>
  <testcase classname="Services.SwimmingPoolTensileCovering_Test" name="HomeIcon" time="2.428"/>
  <testcase classname="Services.SwimmingPoolTensileCovering_Test" name="RajTensileLogo">
    <skipped/>
  </testcase> <!-- RajTensileLogo -->
</testsuite> <!-- Services.SwimmingPoolTensileCovering_Test -->
