<?xml version="1.0" encoding="UTF-8"?>
<!-- Generated by org.testng.reporters.JUnitReportReporter -->
<testsuite hostname="DESKTOP-34CJV9O" failures="0" tests="1" name="Services.GazeboTensileStructure_Test" time="3.575" errors="0" timestamp="2024-05-12T00:52:06 IST" skipped="0">
  <testcase classname="Services.GazeboTensileStructure_Test" name="access" time="3.575"/>
</testsuite> <!-- Services.GazeboTensileStructure_Test -->
