<?xml version="1.0" encoding="UTF-8"?>
<!-- Generated by org.testng.reporters.JUnitReportReporter -->
<testsuite hostname="DESKTOP-34CJV9O" failures="0" tests="17" name="Services.AuditoriumTensileStructure_Test" time="15.179" errors="0" timestamp="2024-05-16T16:09:22 IST" skipped="1">
  <testcase classname="Services.AuditoriumTensileStructure_Test" name="Access_ATS" time="3.574"/>
  <testcase classname="Services.AuditoriumTensileStructure_Test" name="PreviousAndNext" time="4.574"/>
  <testcase classname="Services.AuditoriumTensileStructure_Test" name="DesignAndCreativity" time="0.172"/>
  <testcase classname="Services.AuditoriumTensileStructure_Test" name="EngineeringInnovation" time="0.160"/>
  <testcase classname="Services.AuditoriumTensileStructure_Test" name="FabricationQuality" time="0.130"/>
  <testcase classname="Services.AuditoriumTensileStructure_Test" name="ConstructionService" time="2.626"/>
  <testcase classname="Services.AuditoriumTensileStructure_Test" name="FlexibleDesignAsthetics" time="0.633"/>
  <testcase classname="Services.AuditoriumTensileStructure_Test" name="ExcellentDurability" time="0.338"/>
  <testcase classname="Services.AuditoriumTensileStructure_Test" name="PriviousButton" time="0.135"/>
  <testcase classname="Services.AuditoriumTensileStructure_Test" name="LowMaintenance" time="0.109"/>
  <testcase classname="Services.AuditoriumTensileStructure_Test" name="OutstandingTranslucency" time="0.112"/>
  <testcase classname="Services.AuditoriumTensileStructure_Test" name="NextButton" time="0.058"/>
  <testcase classname="Services.AuditoriumTensileStructure_Test" name="LightweightNature" time="0.100"/>
  <testcase classname="Services.AuditoriumTensileStructure_Test" name="NextButton2" time="0.027"/>
  <testcase classname="Services.AuditoriumTensileStructure_Test" name="CostBenefits" time="0.094"/>
  <testcase classname="Services.AuditoriumTensileStructure_Test" name="HomeIcon" time="2.337"/>
  <testcase classname="Services.AuditoriumTensileStructure_Test" name="RajTensileLogo">
    <skipped/>
  </testcase> <!-- RajTensileLogo -->
</testsuite> <!-- Services.AuditoriumTensileStructure_Test -->
