<?xml version="1.0" encoding="UTF-8"?>
<!-- Generated by org.testng.reporters.JUnitReportReporter -->
<testsuite hostname="DESKTOP-34CJV9O" failures="0" tests="8" name="AboutUs.AboutUs_Test" time="10.953" errors="0" timestamp="2024-05-16T22:43:10 IST" skipped="0">
  <testcase classname="AboutUs.AboutUs_Test" name="Access_ContactUs" time="3.071"/>
  <testcase classname="AboutUs.AboutUs_Test" name="HomeIcon" time="2.865"/>
  <testcase classname="AboutUs.AboutUs_Test" name="CompanyProfile" time="0.199"/>
  <testcase classname="AboutUs.AboutUs_Test" name="PreviousAndNextQuote" time="0.328"/>
  <testcase classname="AboutUs.AboutUs_Test" name="WhyChooseUs" time="0.638"/>
  <testcase classname="AboutUs.AboutUs_Test" name="BestFeatures" time="0.559"/>
  <testcase classname="AboutUs.AboutUs_Test" name="OurTeam" time="0.625"/>
  <testcase classname="AboutUs.AboutUs_Test" name="RajTensileLogo" time="2.668"/>
</testsuite> <!-- AboutUs.AboutUs_Test -->
