<?xml version="1.0" encoding="UTF-8"?>
<!-- Generated by org.testng.reporters.JUnitReportReporter -->
<testsuite hostname="DESKTOP-34CJV9O" failures="0" tests="5" name="Projects.AHDR_Test" time="22.498" errors="0" timestamp="2024-05-16T22:58:50 IST" skipped="0">
  <testcase classname="Projects.AHDR_Test" name="Access_Projects" time="3.645"/>
  <testcase classname="Projects.AHDR_Test" name="HomeIcon" time="2.366"/>
  <testcase classname="Projects.AHDR_Test" name="AnimalHusbandaryDepartmentRanchi" time="9.143"/>
  <testcase classname="Projects.AHDR_Test" name="AHDR" time="4.000"/>
  <testcase classname="Projects.AHDR_Test" name="RajTensileLogo" time="3.344"/>
</testsuite> <!-- Projects.AHDR_Test -->
