<?xml version="1.0" encoding="UTF-8"?>
<!-- Generated by org.testng.reporters.JUnitReportReporter -->
<testsuite hostname="DESKTOP-34CJV9O" failures="0" tests="5" name="Home.Home_Test" time="21.916" errors="0" timestamp="2024-05-15T00:34:32 IST" skipped="0">
  <testcase classname="Home.Home_Test" name="Access_Home" time="5.592"/>
  <testcase classname="Home.Home_Test" name="DiscoverMore" time="6.309"/>
  <testcase classname="Home.Home_Test" name="NextSlide" time="2.486"/>
  <testcase classname="Home.Home_Test" name="ContactUs" time="7.142"/>
  <testcase classname="Home.Home_Test" name="PreviousSlide" time="0.387"/>
</testsuite> <!-- Home.Home_Test -->
