<?xml version="1.0" encoding="UTF-8"?>
<!-- Generated by org.testng.reporters.JUnitReportReporter -->
<testsuite hostname="DESKTOP-34CJV9O" failures="0" tests="17" name="Services.WalkwayTensileStructure_Test" time="18.110" errors="0" timestamp="2024-05-12T19:34:27 IST" skipped="1">
  <testcase classname="Services.WalkwayTensileStructure_Test" name="Access_WTS" time="4.691"/>
  <testcase classname="Services.WalkwayTensileStructure_Test" name="PreviousAndNext" time="4.583"/>
  <testcase classname="Services.WalkwayTensileStructure_Test" name="DesignAndCreativity" time="0.148"/>
  <testcase classname="Services.WalkwayTensileStructure_Test" name="EngineeringInnovation" time="0.143"/>
  <testcase classname="Services.WalkwayTensileStructure_Test" name="FabricationQuality" time="0.137"/>
  <testcase classname="Services.WalkwayTensileStructure_Test" name="ConstructionService" time="2.453"/>
  <testcase classname="Services.WalkwayTensileStructure_Test" name="FlexibleDesignAsthetics" time="0.250"/>
  <testcase classname="Services.WalkwayTensileStructure_Test" name="ExcellentDurability" time="0.204"/>
  <testcase classname="Services.WalkwayTensileStructure_Test" name="PriviousButton" time="0.188"/>
  <testcase classname="Services.WalkwayTensileStructure_Test" name="LowMaintenance" time="0.143"/>
  <testcase classname="Services.WalkwayTensileStructure_Test" name="OutstandingTranslucency" time="0.153"/>
  <testcase classname="Services.WalkwayTensileStructure_Test" name="NextButton" time="0.048"/>
  <testcase classname="Services.WalkwayTensileStructure_Test" name="LightweightNature" time="0.122"/>
  <testcase classname="Services.WalkwayTensileStructure_Test" name="NextButton2" time="0.037"/>
  <testcase classname="Services.WalkwayTensileStructure_Test" name="CostBenefits" time="2.200"/>
  <testcase classname="Services.WalkwayTensileStructure_Test" name="RajTensileLogo" time="2.610"/>
  <testcase classname="Services.WalkwayTensileStructure_Test" name="HomeIcon">
    <skipped/>
  </testcase> <!-- HomeIcon -->
</testsuite> <!-- Services.WalkwayTensileStructure_Test -->
