<?xml version="1.0" encoding="UTF-8"?>
<!-- Generated by org.testng.reporters.JUnitReportReporter -->
<testsuite hostname="DESKTOP-34CJV9O" failures="0" tests="5" name="Projects.GGB_Test" time="21.412" errors="0" timestamp="2024-05-16T22:57:46 IST" skipped="0">
  <testcase classname="Projects.GGB_Test" name="Access_Projects" time="2.684"/>
  <testcase classname="Projects.GGB_Test" name="HomeIcon" time="2.709"/>
  <testcase classname="Projects.GGB_Test" name="GulmoharGardenBhopal" time="9.130"/>
  <testcase classname="Projects.GGB_Test" name="GGB" time="3.308"/>
  <testcase classname="Projects.GGB_Test" name="RajTensileLogo" time="3.581"/>
</testsuite> <!-- Projects.GGB_Test -->
