<?xml version="1.0" encoding="UTF-8"?>
<!-- Generated by org.testng.reporters.JUnitReportReporter -->
<testsuite hostname="DESKTOP-34CJV9O" failures="0" tests="16" name="Services.StadiumTensileStructure_Test" time="15.474" errors="0" timestamp="2024-05-12T18:03:29 IST" skipped="0">
  <testcase classname="Services.StadiumTensileStructure_Test" name="Access_STS" time="3.925"/>
  <testcase classname="Services.StadiumTensileStructure_Test" name="PreviousAndNext" time="4.612"/>
  <testcase classname="Services.StadiumTensileStructure_Test" name="DesignAndCreativity" time="0.225"/>
  <testcase classname="Services.StadiumTensileStructure_Test" name="EngineeringInnovation" time="0.145"/>
  <testcase classname="Services.StadiumTensileStructure_Test" name="FabricationQuality" time="0.157"/>
  <testcase classname="Services.StadiumTensileStructure_Test" name="ConstructionService" time="2.676"/>
  <testcase classname="Services.StadiumTensileStructure_Test" name="FlexibleDesignAsthetics" time="0.280"/>
  <testcase classname="Services.StadiumTensileStructure_Test" name="ExcellentDurability" time="0.174"/>
  <testcase classname="Services.StadiumTensileStructure_Test" name="PriviousButton" time="0.154"/>
  <testcase classname="Services.StadiumTensileStructure_Test" name="LowMaintenance" time="0.167"/>
  <testcase classname="Services.StadiumTensileStructure_Test" name="OutstandingTranslucency" time="0.161"/>
  <testcase classname="Services.StadiumTensileStructure_Test" name="NextButton" time="0.063"/>
  <testcase classname="Services.StadiumTensileStructure_Test" name="LightweightNature" time="0.163"/>
  <testcase classname="Services.StadiumTensileStructure_Test" name="NextButton2" time="0.030"/>
  <testcase classname="Services.StadiumTensileStructure_Test" name="CostBenefits" time="0.136"/>
  <testcase classname="Services.StadiumTensileStructure_Test" name="HomeIcon" time="2.406"/>
</testsuite> <!-- Services.StadiumTensileStructure_Test -->
