<?xml version="1.0" encoding="UTF-8"?>
<!-- Generated by org.testng.reporters.JUnitReportReporter -->
<testsuite hostname="DESKTOP-34CJV9O" failures="0" tests="16" name="Services.CarParkingTensileStructure_Test" time="36.237" errors="0" timestamp="2024-05-12T17:52:53 IST" skipped="0">
  <testcase classname="Services.CarParkingTensileStructure_Test" name="Access_CPTS" time="4.495"/>
  <testcase classname="Services.CarParkingTensileStructure_Test" name="PreviousAndNext" time="4.477"/>
  <testcase classname="Services.CarParkingTensileStructure_Test" name="DesignAndCreativity" time="2.170"/>
  <testcase classname="Services.CarParkingTensileStructure_Test" name="EngineeringInnovation" time="2.145"/>
  <testcase classname="Services.CarParkingTensileStructure_Test" name="FabricationQuality" time="2.132"/>
  <testcase classname="Services.CarParkingTensileStructure_Test" name="ConstructionService" time="4.548"/>
  <testcase classname="Services.CarParkingTensileStructure_Test" name="FlexibleDesignAsthetics" time="1.533"/>
  <testcase classname="Services.CarParkingTensileStructure_Test" name="ExcellentDurability" time="1.236"/>
  <testcase classname="Services.CarParkingTensileStructure_Test" name="PriviousButton" time="1.122"/>
  <testcase classname="Services.CarParkingTensileStructure_Test" name="LowMaintenance" time="1.132"/>
  <testcase classname="Services.CarParkingTensileStructure_Test" name="OutstandingTranslucency" time="2.157"/>
  <testcase classname="Services.CarParkingTensileStructure_Test" name="NextButton" time="1.074"/>
  <testcase classname="Services.CarParkingTensileStructure_Test" name="LightweightNature" time="2.139"/>
  <testcase classname="Services.CarParkingTensileStructure_Test" name="NextButton2" time="1.031"/>
  <testcase classname="Services.CarParkingTensileStructure_Test" name="CostBenefits" time="1.163"/>
  <testcase classname="Services.CarParkingTensileStructure_Test" name="HomeIcon" time="3.683"/>
</testsuite> <!-- Services.CarParkingTensileStructure_Test -->
