<?xml version="1.0" encoding="UTF-8"?>
<!-- Generated by org.testng.reporters.JUnitReportReporter -->
<testsuite hostname="DESKTOP-34CJV9O" failures="0" tests="3" name="Projects.Projects_Test" time="20.639" errors="0" timestamp="2024-05-16T15:08:15 IST" skipped="0">
  <testcase classname="Projects.Projects_Test" name="Access_Projects" time="3.476"/>
  <testcase classname="Projects.Projects_Test" name="AnimalHusbandaryDepartmentRanchi" time="9.295"/>
  <testcase classname="Projects.Projects_Test" name="AHDR" time="7.868"/>
</testsuite> <!-- Projects.Projects_Test -->
